Build started 2/4/2014 9:01:32 PM.
     1>Project "C:\Users\Chris\documents\visual studio 2012\Projects\Project1\Project1\Project1.vcxproj" on node 2 (Build target(s)).
     1>ClCompile:
         C:\Program Files (x86)\Microsoft Visual Studio 11.0\VC\bin\CL.exe /c /ZI /nologo /W3 /WX- /sdl /Od /Oy- /D _MBCS /Gm /EHsc /RTC1 /MDd /GS /fp:precise /Zc:wchar_t /Zc:forScope /Fo"Debug\\" /Fd"Debug\vc110.pdb" /Gd /TP /analyze- /errorReport:prompt GeneticAlgorithm.cpp
         GeneticAlgorithm.cpp
     1>c:\users\chris\documents\visual studio 2012\projects\project1\project1\geneticalgorithm.cpp(95): warning C4018: '<' : signed/unsigned mismatch
     1>c:\users\chris\documents\visual studio 2012\projects\project1\project1\geneticalgorithm.cpp(148): warning C4244: 'argument' : conversion from 'time_t' to 'unsigned int', possible loss of data
     1>c:\users\chris\documents\visual studio 2012\projects\project1\project1\geneticalgorithm.cpp(226): warning C4018: '<' : signed/unsigned mismatch
     1>c:\users\chris\documents\visual studio 2012\projects\project1\project1\geneticalgorithm.cpp(285): warning C4244: '=' : conversion from 'double' to 'int', possible loss of data
     1>c:\users\chris\documents\visual studio 2012\projects\project1\project1\geneticalgorithm.cpp(307): warning C4018: '<' : signed/unsigned mismatch
     1>c:\users\chris\documents\visual studio 2012\projects\project1\project1\geneticalgorithm.cpp(314): warning C4018: '<' : signed/unsigned mismatch
     1>c:\users\chris\documents\visual studio 2012\projects\project1\project1\geneticalgorithm.cpp(322): warning C4018: '<' : signed/unsigned mismatch
     1>c:\users\chris\documents\visual studio 2012\projects\project1\project1\geneticalgorithm.cpp(330): warning C4018: '<' : signed/unsigned mismatch
     1>c:\users\chris\documents\visual studio 2012\projects\project1\project1\geneticalgorithm.cpp(339): warning C4018: '<' : signed/unsigned mismatch
       Link:
         C:\Program Files (x86)\Microsoft Visual Studio 11.0\VC\bin\link.exe /ERRORREPORT:PROMPT /OUT:"C:\Users\Chris\documents\visual studio 2012\Projects\Project1\Debug\Project1.exe" /INCREMENTAL /NOLOGO kernel32.lib user32.lib gdi32.lib winspool.lib comdlg32.lib advapi32.lib shell32.lib ole32.lib oleaut32.lib uuid.lib odbc32.lib odbccp32.lib /MANIFEST /MANIFESTUAC:"level='asInvoker' uiAccess='false'" /manifest:embed /DEBUG /PDB:"C:\Users\Chris\documents\visual studio 2012\Projects\Project1\Debug\Project1.pdb" /TLBID:1 /DYNAMICBASE /NXCOMPAT /IMPLIB:"C:\Users\Chris\documents\visual studio 2012\Projects\Project1\Debug\Project1.lib" /MACHINE:X86 Debug\GeneticAlgorithm.obj
         Debug\Genotype.obj
         Debug\Source.obj
         Project1.vcxproj -> C:\Users\Chris\documents\visual studio 2012\Projects\Project1\Debug\Project1.exe
     1>Done Building Project "C:\Users\Chris\documents\visual studio 2012\Projects\Project1\Project1\Project1.vcxproj" (Build target(s)).

Build succeeded.

Time Elapsed 00:00:02.49
