C:\USERS\CHRIS\DOCUMENTS\VISUAL STUDIO 2012\PROJECTS\PROJECT1\PROJECT1\RELEASE\SOURCE.OBJ
C:\USERS\CHRIS\DOCUMENTS\VISUAL STUDIO 2012\PROJECTS\PROJECT1\PROJECT1\RELEASE\DARWIN.OBJ
C:\USERS\CHRIS\DOCUMENTS\VISUAL STUDIO 2012\PROJECTS\PROJECT1\PROJECT1\RELEASE\VC110.PDB
C:\USERS\CHRIS\DOCUMENTS\VISUAL STUDIO 2012\PROJECTS\PROJECT1\RELEASE\PROJECT1.EXE
C:\USERS\CHRIS\DOCUMENTS\VISUAL STUDIO 2012\PROJECTS\PROJECT1\RELEASE\PROJECT1.PDB
C:\Users\Chris\documents\visual studio 2012\Projects\Project1\Project1\Release\Darwin.obj
C:\Users\Chris\documents\visual studio 2012\Projects\Project1\Project1\Release\Source.obj
C:\Users\Chris\documents\visual studio 2012\Projects\Project1\Project1\Release\cl.command.1.tlog
C:\Users\Chris\documents\visual studio 2012\Projects\Project1\Project1\Release\CL.read.1.tlog
C:\Users\Chris\documents\visual studio 2012\Projects\Project1\Project1\Release\CL.write.1.tlog
C:\Users\Chris\documents\visual studio 2012\Projects\Project1\Project1\Release\link-cvtres.read.1.tlog
C:\Users\Chris\documents\visual studio 2012\Projects\Project1\Project1\Release\link-cvtres.write.1.tlog
C:\Users\Chris\documents\visual studio 2012\Projects\Project1\Project1\Release\link-rc.read.1.tlog
C:\Users\Chris\documents\visual studio 2012\Projects\Project1\Project1\Release\link-rc.write.1.tlog
C:\Users\Chris\documents\visual studio 2012\Projects\Project1\Project1\Release\link.command.1.tlog
C:\Users\Chris\documents\visual studio 2012\Projects\Project1\Project1\Release\link.read.1.tlog
C:\Users\Chris\documents\visual studio 2012\Projects\Project1\Project1\Release\link.write.1.tlog
C:\Users\Chris\documents\visual studio 2012\Projects\Project1\Project1\Release\vc110.pdb
C:\Users\Chris\documents\visual studio 2012\Projects\Project1\Release\Project1.pdb
C:\Users\Chris\documents\visual studio 2012\Projects\Project1\Release\Project1.exe
