//-------------------------- 1/21/2014 -- 01:47:20 -----
Processor Init:
   Intel Pentium III, ~3.20 Ghz
     (timed at roughly 3.20 Ghz)
   FPU detected
   MMX detected
   SSE detected
 
Math Init:
   Installing Standard C extensions
   Installing Assembly extensions
   Installing FPU extensions
   Installing MMX extensions
   Installing SSE extensions
 
Input Init:
   DirectInput enabled.

Initializing chunk mappings...
   o 'TEXT' maps to TextChunk
   o 'SCHK' maps to UnknownChunk
   o 'SCHK' maps to SimChunk
Compiling C:/Program Files/Torque/Torque 2D 1.7.6/games/TutorialBase/common/main.cs...
Loading compiled script C:/Program Files/Torque/Torque 2D 1.7.6/games/TutorialBase/common/main.cs.
Compiling C:/Program Files/Torque/Torque 2D 1.7.6/games/TutorialBase/game/main.cs...
Loading compiled script C:/Program Files/Torque/Torque 2D 1.7.6/games/TutorialBase/game/main.cs.
 % - Initializing Common
Compiling C:/Program Files/Torque/Torque 2D 1.7.6/games/TutorialBase/common/preferences/defaultPrefs.cs...
Loading compiled script C:/Program Files/Torque/Torque 2D 1.7.6/games/TutorialBase/common/preferences/defaultPrefs.cs.
Reading Display Device information...
   Primary Display Device Found:
      Vendor Id: VEN_0000
      Device Id: DEV_0000

Using OpenGL rendering. Fullscreen: 0

Compiling C:/Program Files/Torque/Torque 2D 1.7.6/games/TutorialBase/common/gameScripts/xml.cs...
Loading compiled script C:/Program Files/Torque/Torque 2D 1.7.6/games/TutorialBase/common/gameScripts/xml.cs.
Compiling C:/Program Files/Torque/Torque 2D 1.7.6/games/TutorialBase/common/gameScripts/properties.cs...
Loading compiled script C:/Program Files/Torque/Torque 2D 1.7.6/games/TutorialBase/common/gameScripts/properties.cs.
Compiling C:/Program Files/Torque/Torque 2D 1.7.6/games/TutorialBase/common/gameScripts/common.cs...
Loading compiled script C:/Program Files/Torque/Torque 2D 1.7.6/games/TutorialBase/common/gameScripts/common.cs.
Compiling C:/Program Files/Torque/Torque 2D 1.7.6/games/TutorialBase/common/gameScripts/audio.cs...
Loading compiled script C:/Program Files/Torque/Torque 2D 1.7.6/games/TutorialBase/common/gameScripts/audio.cs.
Compiling C:/Program Files/Torque/Torque 2D 1.7.6/games/TutorialBase/common/gameScripts/canvas.cs...
Loading compiled script C:/Program Files/Torque/Torque 2D 1.7.6/games/TutorialBase/common/gameScripts/canvas.cs.
Compiling C:/Program Files/Torque/Torque 2D 1.7.6/games/TutorialBase/common/gameScripts/cursor.cs...
Loading compiled script C:/Program Files/Torque/Torque 2D 1.7.6/games/TutorialBase/common/gameScripts/cursor.cs.
Video Init:
   Accelerated OpenGL display device detected.
   Accelerated D3D device detected.
   Voodoo 2 display device not detected.

Activating the OpenGL display device...
Activating the OpenGL display device...
Setting screen mode to 320x320x32 (w)...
Creating a new window...
Acquiring a new device context...
Pixel format set:
  32 color bits, 24 depth bits, 8 stencil bits
Creating a new rendering context...
Making the new rendering context current...
OpenGL driver information:
  Vendor: ATI Technologies Inc.
  Renderer: ATI Radeon HD 4800 Series        
  Version: 3.3.10750 Compatibility Profile Context
OpenGL Init: Enabled Extensions
  ARB_multitexture (Max Texture Units: 8)
  EXT_blend_color
  EXT_blend_minmax
  EXT_compiled_vertex_array
  EXT_texture_env_combine
  EXT_packed_pixels
  EXT_fog_coord
  ARB_texture_compression
  EXT_texture_compression_s3tc
  (ARB|EXT)_texture_env_add
  EXT_texture_filter_anisotropic (Max anisotropy: 16)
  WGL_EXT_swap_control
OpenGL Init: Disabled Extensions
  EXT_paletted_texture
  NV_vertex_array_range
  3DFX_texture_compression_FXT1

Max Texture Size reported as: 8192
Setting screen mode to 800x600x32 (w)...
OpenAL Driver Init:
   Vendor: Creative Labs Inc.
   Version: OpenAL 1.0
   Renderer: Software
   Extensions: EAX 2.0, EAX 3.0, EAX Unified, and EAX-AC3

Compiling C:/Program Files/Torque/Torque 2D 1.7.6/games/TutorialBase/common/gui/profiles.cs...
Loading compiled script C:/Program Files/Torque/Torque 2D 1.7.6/games/TutorialBase/common/gui/profiles.cs.
Compiling C:/Program Files/Torque/Torque 2D 1.7.6/games/TutorialBase/common/gui/cursors.cs...
Loading compiled script C:/Program Files/Torque/Torque 2D 1.7.6/games/TutorialBase/common/gui/cursors.cs.
Compiling C:/Program Files/Torque/Torque 2D 1.7.6/games/TutorialBase/common/gui/messageBoxOk.gui...
Loading compiled script C:/Program Files/Torque/Torque 2D 1.7.6/games/TutorialBase/common/gui/messageBoxOk.gui.
Compiling C:/Program Files/Torque/Torque 2D 1.7.6/games/TutorialBase/common/gui/messageBoxYesNo.gui...
Loading compiled script C:/Program Files/Torque/Torque 2D 1.7.6/games/TutorialBase/common/gui/messageBoxYesNo.gui.
Compiling C:/Program Files/Torque/Torque 2D 1.7.6/games/TutorialBase/common/gui/messageBoxYesNoCancel.gui...
Loading compiled script C:/Program Files/Torque/Torque 2D 1.7.6/games/TutorialBase/common/gui/messageBoxYesNoCancel.gui.
Compiling C:/Program Files/Torque/Torque 2D 1.7.6/games/TutorialBase/common/gui/messageBoxOKCancel.gui...
Loading compiled script C:/Program Files/Torque/Torque 2D 1.7.6/games/TutorialBase/common/gui/messageBoxOKCancel.gui.
Compiling C:/Program Files/Torque/Torque 2D 1.7.6/games/TutorialBase/common/gui/messageBoxOKCancelDetailsDlg.gui...
Loading compiled script C:/Program Files/Torque/Torque 2D 1.7.6/games/TutorialBase/common/gui/messageBoxOKCancelDetailsDlg.gui.
Compiling C:/Program Files/Torque/Torque 2D 1.7.6/games/TutorialBase/common/gui/messagePopup.gui...
Loading compiled script C:/Program Files/Torque/Torque 2D 1.7.6/games/TutorialBase/common/gui/messagePopup.gui.
Compiling C:/Program Files/Torque/Torque 2D 1.7.6/games/TutorialBase/common/gui/options.gui...
Loading compiled script C:/Program Files/Torque/Torque 2D 1.7.6/games/TutorialBase/common/gui/options.gui.
Compiling C:/Program Files/Torque/Torque 2D 1.7.6/games/TutorialBase/common/gui/remap.gui...
Loading compiled script C:/Program Files/Torque/Torque 2D 1.7.6/games/TutorialBase/common/gui/remap.gui.
Compiling C:/Program Files/Torque/Torque 2D 1.7.6/games/TutorialBase/common/gui/console.gui...
Loading compiled script C:/Program Files/Torque/Torque 2D 1.7.6/games/TutorialBase/common/gui/console.gui.
Compiling C:/Program Files/Torque/Torque 2D 1.7.6/games/TutorialBase/common/gui/NetworkMenu.gui...
Loading compiled script C:/Program Files/Torque/Torque 2D 1.7.6/games/TutorialBase/common/gui/NetworkMenu.gui.
Compiling C:/Program Files/Torque/Torque 2D 1.7.6/games/TutorialBase/common/gui/startServer.gui...
Loading compiled script C:/Program Files/Torque/Torque 2D 1.7.6/games/TutorialBase/common/gui/startServer.gui.
Compiling C:/Program Files/Torque/Torque 2D 1.7.6/games/TutorialBase/common/gui/joinServer.gui...
Loading compiled script C:/Program Files/Torque/Torque 2D 1.7.6/games/TutorialBase/common/gui/joinServer.gui.
Compiling C:/Program Files/Torque/Torque 2D 1.7.6/games/TutorialBase/common/gui/waitingForServer.gui...
Loading compiled script C:/Program Files/Torque/Torque 2D 1.7.6/games/TutorialBase/common/gui/waitingForServer.gui.
Compiling C:/Program Files/Torque/Torque 2D 1.7.6/games/TutorialBase/common/gui/helpDlg.gui...
Loading compiled script C:/Program Files/Torque/Torque 2D 1.7.6/games/TutorialBase/common/gui/helpDlg.gui.
Compiling C:/Program Files/Torque/Torque 2D 1.7.6/games/TutorialBase/common/gui/messageBox.cs...
Loading compiled script C:/Program Files/Torque/Torque 2D 1.7.6/games/TutorialBase/common/gui/messageBox.cs.
Compiling C:/Program Files/Torque/Torque 2D 1.7.6/games/TutorialBase/common/gui/help.cs...
Loading compiled script C:/Program Files/Torque/Torque 2D 1.7.6/games/TutorialBase/common/gui/help.cs.
Compiling C:/Program Files/Torque/Torque 2D 1.7.6/games/TutorialBase/common/gui/chatGui.gui...
Loading compiled script C:/Program Files/Torque/Torque 2D 1.7.6/games/TutorialBase/common/gui/chatGui.gui.
Compiling C:/Program Files/Torque/Torque 2D 1.7.6/games/TutorialBase/common/gameScripts/screenshot.cs...
Loading compiled script C:/Program Files/Torque/Torque 2D 1.7.6/games/TutorialBase/common/gameScripts/screenshot.cs.
Compiling C:/Program Files/Torque/Torque 2D 1.7.6/games/TutorialBase/common/gameScripts/metrics.cs...
Loading compiled script C:/Program Files/Torque/Torque 2D 1.7.6/games/TutorialBase/common/gameScripts/metrics.cs.
Compiling C:/Program Files/Torque/Torque 2D 1.7.6/games/TutorialBase/common/Gui/FrameOverlayGui.gui...
Loading compiled script C:/Program Files/Torque/Torque 2D 1.7.6/games/TutorialBase/common/Gui/FrameOverlayGui.gui.
Compiling C:/Program Files/Torque/Torque 2D 1.7.6/games/TutorialBase/common/gameScripts/scriptDoc.cs...
Loading compiled script C:/Program Files/Torque/Torque 2D 1.7.6/games/TutorialBase/common/gameScripts/scriptDoc.cs.
Compiling C:/Program Files/Torque/Torque 2D 1.7.6/games/TutorialBase/common/gameScripts/keybindings.cs...
Loading compiled script C:/Program Files/Torque/Torque 2D 1.7.6/games/TutorialBase/common/gameScripts/keybindings.cs.
Compiling C:/Program Files/Torque/Torque 2D 1.7.6/games/TutorialBase/common/gameScripts/options.cs...
Loading compiled script C:/Program Files/Torque/Torque 2D 1.7.6/games/TutorialBase/common/gameScripts/options.cs.
Compiling C:/Program Files/Torque/Torque 2D 1.7.6/games/TutorialBase/common/gameScripts/levelManagement.cs...
Loading compiled script C:/Program Files/Torque/Torque 2D 1.7.6/games/TutorialBase/common/gameScripts/levelManagement.cs.
Compiling C:/Program Files/Torque/Torque 2D 1.7.6/games/TutorialBase/common/gameScripts/projectManagement.cs...
Loading compiled script C:/Program Files/Torque/Torque 2D 1.7.6/games/TutorialBase/common/gameScripts/projectManagement.cs.
Compiling C:/Program Files/Torque/Torque 2D 1.7.6/games/TutorialBase/common/gameScripts/projectResources.cs...
Loading compiled script C:/Program Files/Torque/Torque 2D 1.7.6/games/TutorialBase/common/gameScripts/projectResources.cs.
Compiling C:/Program Files/Torque/Torque 2D 1.7.6/games/TutorialBase/common/gameScripts/align.cs...
Loading compiled script C:/Program Files/Torque/Torque 2D 1.7.6/games/TutorialBase/common/gameScripts/align.cs.

Torque Game Builder (v1.7.6) initialized...
Compiling C:/Program Files/Torque/Torque 2D 1.7.6/games/TutorialBase/resources/starterArt/resourceDatabase.cs...
Loading compiled script C:/Program Files/Torque/Torque 2D 1.7.6/games/TutorialBase/resources/starterArt/resourceDatabase.cs.
Luma :: t2dImageMapDatablock - ImageMap (singleTreeImageMap) disabled 'filter-padding' as it was unnecessary!
 % Game Resources : Loaded Resource starterArt
Compiling C:/Program Files/Torque/Torque 2D 1.7.6/games/TutorialBase/game/managed/datablocks.cs...
Loading compiled script C:/Program Files/Torque/Torque 2D 1.7.6/games/TutorialBase/game/managed/datablocks.cs.
Compiling C:/Program Files/Torque/Torque 2D 1.7.6/games/TutorialBase/game/managed/persistent.cs...
Loading compiled script C:/Program Files/Torque/Torque 2D 1.7.6/games/TutorialBase/game/managed/persistent.cs.
Compiling C:/Program Files/Torque/Torque 2D 1.7.6/games/TutorialBase/game/managed/brushes.cs...
Loading compiled script C:/Program Files/Torque/Torque 2D 1.7.6/games/TutorialBase/game/managed/brushes.cs.
Compiling C:/Program Files/Torque/Torque 2D 1.7.6/games/TutorialBase/game/gameScripts/datablocks.cs...
Loading compiled script C:/Program Files/Torque/Torque 2D 1.7.6/games/TutorialBase/game/gameScripts/datablocks.cs.
Compiling C:/Program Files/Torque/Torque 2D 1.7.6/games/TutorialBase/game/gameScripts/guiProfiles.cs...
Loading compiled script C:/Program Files/Torque/Torque 2D 1.7.6/games/TutorialBase/game/gameScripts/guiProfiles.cs.
Compiling C:/Program Files/Torque/Torque 2D 1.7.6/games/TutorialBase/game/gui/mainScreen.gui...
Loading compiled script C:/Program Files/Torque/Torque 2D 1.7.6/games/TutorialBase/game/gui/mainScreen.gui.
Compiling C:/Program Files/Torque/Torque 2D 1.7.6/games/TutorialBase/game/gameScripts/game.cs...
Loading compiled script C:/Program Files/Torque/Torque 2D 1.7.6/games/TutorialBase/game/gameScripts/game.cs.
Activating DirectInput...
DirectInput joystick failed to enable!
Compiling C:/Program Files/Torque/Torque 2D 1.7.6/games/TutorialBase/game/data/levels/level.t2d...
Loading compiled script C:/Program Files/Torque/Torque 2D 1.7.6/games/TutorialBase/game/data/levels/level.t2d.
DirectInput deactivated.
Shutting down the OpenGL display device...
Making the GL rendering context not current...
Deleting the GL rendering context...
Releasing the device context...
