//-------------------------- 1/24/2014 -- 13:47:20 -----
Processor Init:
   Intel Pentium III, ~2.25 Ghz
     (timed at roughly 2.24 Ghz)
   FPU detected
   MMX detected
   SSE detected
 
Math Init:
   Installing Standard C extensions
   Installing Assembly extensions
   Installing FPU extensions
   Installing MMX extensions
   Installing SSE extensions
 
Input Init:
   DirectInput enabled.

Initializing chunk mappings...
   o 'TEXT' maps to TextChunk
   o 'SCHK' maps to UnknownChunk
   o 'SCHK' maps to SimChunk
Loading compiled script C:/Users/Mike McC/Documents/SeniorProjectAdventures/mccartmp/Adaptation/games/AStarDemo/common/main.cs.
Loading compiled script C:/Users/Mike McC/Documents/SeniorProjectAdventures/mccartmp/Adaptation/games/AStarDemo/game/main.cs.
 % - Initializing Common
Loading compiled script C:/Users/Mike McC/Documents/SeniorProjectAdventures/mccartmp/Adaptation/games/AStarDemo/common/preferences/defaultPrefs.cs.
Reading Display Device information...
   Primary Display Device Found:
      Vendor Id: VEN_0000
      Device Id: DEV_0000

Using OpenGL rendering. Fullscreen: 0

Loading compiled script C:/Users/Mike McC/Documents/SeniorProjectAdventures/mccartmp/Adaptation/games/AStarDemo/common/gameScripts/xml.cs.
Loading compiled script C:/Users/Mike McC/Documents/SeniorProjectAdventures/mccartmp/Adaptation/games/AStarDemo/common/gameScripts/properties.cs.
Loading compiled script C:/Users/Mike McC/Documents/SeniorProjectAdventures/mccartmp/Adaptation/games/AStarDemo/common/gameScripts/common.cs.
Loading compiled script C:/Users/Mike McC/Documents/SeniorProjectAdventures/mccartmp/Adaptation/games/AStarDemo/common/gameScripts/audio.cs.
Loading compiled script C:/Users/Mike McC/Documents/SeniorProjectAdventures/mccartmp/Adaptation/games/AStarDemo/common/gameScripts/canvas.cs.
Loading compiled script C:/Users/Mike McC/Documents/SeniorProjectAdventures/mccartmp/Adaptation/games/AStarDemo/common/gameScripts/cursor.cs.
Video Init:
   Accelerated OpenGL display device detected.
   Accelerated D3D device detected.
   Voodoo 2 display device not detected.

Activating the OpenGL display device...
Activating the OpenGL display device...
Setting screen mode to 320x320x32 (w)...
Creating a new window...
Acquiring a new device context...
Pixel format set:
  32 color bits, 24 depth bits, 8 stencil bits
Creating a new rendering context...
Making the new rendering context current...
OpenGL driver information:
  Vendor: NVIDIA Corporation
  Renderer: GeForce GT 130M/PCIe/SSE2
  Version: 3.3.0
OpenGL Init: Enabled Extensions
  ARB_multitexture (Max Texture Units: 4)
  EXT_blend_color
  EXT_blend_minmax
  EXT_compiled_vertex_array
  NV_vertex_array_range
  EXT_texture_env_combine
  EXT_packed_pixels
  EXT_fog_coord
  ARB_texture_compression
  EXT_texture_compression_s3tc
  (ARB|EXT)_texture_env_add
  EXT_texture_filter_anisotropic (Max anisotropy: 16)
  WGL_EXT_swap_control
OpenGL Init: Disabled Extensions
  EXT_paletted_texture
  3DFX_texture_compression_FXT1

Max Texture Size reported as: 8192
Setting screen mode to 800x600x32 (w)...
OpenAL Driver Init:
   Vendor: Creative Labs Inc.
   Version: OpenAL 1.0
   Renderer: Software
   Extensions: EAX 2.0, EAX 3.0, EAX Unified, and EAX-AC3

Loading compiled script C:/Users/Mike McC/Documents/SeniorProjectAdventures/mccartmp/Adaptation/games/AStarDemo/common/gui/profiles.cs.
Loading compiled script C:/Users/Mike McC/Documents/SeniorProjectAdventures/mccartmp/Adaptation/games/AStarDemo/common/gui/cursors.cs.
Loading compiled script C:/Users/Mike McC/Documents/SeniorProjectAdventures/mccartmp/Adaptation/games/AStarDemo/common/gui/messageBoxOk.gui.
Loading compiled script C:/Users/Mike McC/Documents/SeniorProjectAdventures/mccartmp/Adaptation/games/AStarDemo/common/gui/messageBoxYesNo.gui.
Loading compiled script C:/Users/Mike McC/Documents/SeniorProjectAdventures/mccartmp/Adaptation/games/AStarDemo/common/gui/messageBoxYesNoCancel.gui.
Loading compiled script C:/Users/Mike McC/Documents/SeniorProjectAdventures/mccartmp/Adaptation/games/AStarDemo/common/gui/messageBoxOKCancel.gui.
Loading compiled script C:/Users/Mike McC/Documents/SeniorProjectAdventures/mccartmp/Adaptation/games/AStarDemo/common/gui/messageBoxOKCancelDetailsDlg.gui.
Loading compiled script C:/Users/Mike McC/Documents/SeniorProjectAdventures/mccartmp/Adaptation/games/AStarDemo/common/gui/messagePopup.gui.
Loading compiled script C:/Users/Mike McC/Documents/SeniorProjectAdventures/mccartmp/Adaptation/games/AStarDemo/common/gui/options.gui.
Loading compiled script C:/Users/Mike McC/Documents/SeniorProjectAdventures/mccartmp/Adaptation/games/AStarDemo/common/gui/remap.gui.
Loading compiled script C:/Users/Mike McC/Documents/SeniorProjectAdventures/mccartmp/Adaptation/games/AStarDemo/common/gui/console.gui.
Loading compiled script C:/Users/Mike McC/Documents/SeniorProjectAdventures/mccartmp/Adaptation/games/AStarDemo/common/gui/NetworkMenu.gui.
Loading compiled script C:/Users/Mike McC/Documents/SeniorProjectAdventures/mccartmp/Adaptation/games/AStarDemo/common/gui/startServer.gui.
Loading compiled script C:/Users/Mike McC/Documents/SeniorProjectAdventures/mccartmp/Adaptation/games/AStarDemo/common/gui/joinServer.gui.
Loading compiled script C:/Users/Mike McC/Documents/SeniorProjectAdventures/mccartmp/Adaptation/games/AStarDemo/common/gui/waitingForServer.gui.
Loading compiled script C:/Users/Mike McC/Documents/SeniorProjectAdventures/mccartmp/Adaptation/games/AStarDemo/common/gui/helpDlg.gui.
Loading compiled script C:/Users/Mike McC/Documents/SeniorProjectAdventures/mccartmp/Adaptation/games/AStarDemo/common/gui/messageBox.cs.
Loading compiled script C:/Users/Mike McC/Documents/SeniorProjectAdventures/mccartmp/Adaptation/games/AStarDemo/common/gui/help.cs.
Loading compiled script C:/Users/Mike McC/Documents/SeniorProjectAdventures/mccartmp/Adaptation/games/AStarDemo/common/gui/chatGui.gui.
Loading compiled script C:/Users/Mike McC/Documents/SeniorProjectAdventures/mccartmp/Adaptation/games/AStarDemo/common/gameScripts/screenshot.cs.
Loading compiled script C:/Users/Mike McC/Documents/SeniorProjectAdventures/mccartmp/Adaptation/games/AStarDemo/common/gameScripts/metrics.cs.
Loading compiled script C:/Users/Mike McC/Documents/SeniorProjectAdventures/mccartmp/Adaptation/games/AStarDemo/common/Gui/FrameOverlayGui.gui.
Loading compiled script C:/Users/Mike McC/Documents/SeniorProjectAdventures/mccartmp/Adaptation/games/AStarDemo/common/gameScripts/scriptDoc.cs.
Loading compiled script C:/Users/Mike McC/Documents/SeniorProjectAdventures/mccartmp/Adaptation/games/AStarDemo/common/gameScripts/keybindings.cs.
Loading compiled script C:/Users/Mike McC/Documents/SeniorProjectAdventures/mccartmp/Adaptation/games/AStarDemo/common/gameScripts/options.cs.
Loading compiled script C:/Users/Mike McC/Documents/SeniorProjectAdventures/mccartmp/Adaptation/games/AStarDemo/common/gameScripts/levelManagement.cs.
Loading compiled script C:/Users/Mike McC/Documents/SeniorProjectAdventures/mccartmp/Adaptation/games/AStarDemo/common/gameScripts/projectManagement.cs.
Loading compiled script C:/Users/Mike McC/Documents/SeniorProjectAdventures/mccartmp/Adaptation/games/AStarDemo/common/gameScripts/projectResources.cs.
Loading compiled script C:/Users/Mike McC/Documents/SeniorProjectAdventures/mccartmp/Adaptation/games/AStarDemo/common/gameScripts/align.cs.

Torque Game Builder (v1.7.6) initialized...
Loading compiled script C:/Users/Mike McC/Documents/SeniorProjectAdventures/mccartmp/Adaptation/games/AStarDemo/resources/puzzleArt/resourceDatabase.cs.
 % Game Resources : Loaded Resource puzzleArt
Loading compiled script C:/Users/Mike McC/Documents/SeniorProjectAdventures/mccartmp/Adaptation/games/AStarDemo/game/managed/datablocks.cs.
Loading compiled script C:/Users/Mike McC/Documents/SeniorProjectAdventures/mccartmp/Adaptation/games/AStarDemo/game/managed/persistent.cs.
Compiling C:/Users/Mike McC/Documents/SeniorProjectAdventures/mccartmp/Adaptation/games/AStarDemo/game/managed/brushes.cs...
Loading compiled script C:/Users/Mike McC/Documents/SeniorProjectAdventures/mccartmp/Adaptation/games/AStarDemo/game/managed/brushes.cs.
Loading compiled script C:/Users/Mike McC/Documents/SeniorProjectAdventures/mccartmp/Adaptation/games/AStarDemo/game/gameScripts/datablocks.cs.
Loading compiled script C:/Users/Mike McC/Documents/SeniorProjectAdventures/mccartmp/Adaptation/games/AStarDemo/game/gameScripts/guiProfiles.cs.
Loading compiled script C:/Users/Mike McC/Documents/SeniorProjectAdventures/mccartmp/Adaptation/games/AStarDemo/game/gui/mainScreen.gui.
Loading compiled script C:/Users/Mike McC/Documents/SeniorProjectAdventures/mccartmp/Adaptation/games/AStarDemo/game/gameScripts/game.cs.
Loading compiled script C:/Users/Mike McC/Documents/SeniorProjectAdventures/mccartmp/Adaptation/games/AStarDemo/game/gameScripts/paintMap.cs.
Loading compiled script C:/Users/Mike McC/Documents/SeniorProjectAdventures/mccartmp/Adaptation/games/AStarDemo/game/gameScripts/basicActiveMouse.cs.
Loading compiled script C:/Users/Mike McC/Documents/SeniorProjectAdventures/mccartmp/Adaptation/games/AStarDemo/game/gameScripts/aStarPath.cs.
Loading compiled script C:/Users/Mike McC/Documents/SeniorProjectAdventures/mccartmp/Adaptation/games/AStarDemo/game/gameScripts/aStarActor.cs.
Loading compiled script C:/Users/Mike McC/Documents/SeniorProjectAdventures/mccartmp/Adaptation/games/AStarDemo/game/gameScripts/enemy.cs.
Activating DirectInput...
DirectInput joystick failed to enable!
Loading compiled script C:/Users/Mike McC/Documents/SeniorProjectAdventures/mccartmp/Adaptation/games/AStarDemo/game/data/levels/aStarDemot2d.t2d.
PathAStar2d::calculate( sX / sY, dX / dY ) - start or end points are blocked
Enemy::isFrustrated(2078), timer is (1)
PathAStar2d::calculate( sX / sY, dX / dY ) - start or end points are blocked
PathAStar2d::calculate( sX / sY, dX / dY ) - start or end points are blocked
PathAStar2d::calculate( sX / sY, dX / dY ) - start or end points are blocked
PathAStar2d::calculate( sX / sY, dX / dY ) - start or end points are blocked
PathAStar2d::calculate( sX / sY, dX / dY ) - start or end points are blocked
PathAStar2d::calculate( sX / sY, dX / dY ) - start or end points are blocked
PathAStar2d::calculate( sX / sY, dX / dY ) - start or end points are blocked
PathAStar2d::calculate( sX / sY, dX / dY ) - start or end points are blocked
PathAStar2d::calculate( sX / sY, dX / dY ) - start or end points are blocked
PathAStar2d::calculate( sX / sY, dX / dY ) - start or end points are blocked
PathAStar2d::calculate( sX / sY, dX / dY ) - start or end points are blocked
PathAStar2d::calculate( sX / sY, dX / dY ) - start or end points are blocked
PathAStar2d::calculate( sX / sY, dX / dY ) - start or end points are blocked
PathAStar2d::calculate( sX / sY, dX / dY ) - start or end points are blocked
PathAStar2d::calculate( sX / sY, dX / dY ) - start or end points are blocked
PathAStar2d::calculate( sX / sY, dX / dY ) - start or end points are blocked
PathAStar2d::calculate( sX / sY, dX / dY ) - start or end points are blocked
PathAStar2d::calculate( sX / sY, dX / dY ) - start or end points are blocked
PathAStar2d::calculate( sX / sY, dX / dY ) - start or end points are blocked
PathAStar2d::calculate( sX / sY, dX / dY ) - start or end points are blocked
PathAStar2d::calculate( sX / sY, dX / dY ) - start or end points are blocked
PathAStar2d::calculate( sX / sY, dX / dY ) - start or end points are blocked
PathAStar2d::calculate( sX / sY, dX / dY ) - start or end points are blocked
PathAStar2d::calculate( sX / sY, dX / dY ) - start or end points are blocked
PathAStar2d::calculate( sX / sY, dX / dY ) - start or end points are blocked
PathAStar2d::calculate( sX / sY, dX / dY ) - start or end points are blocked
PathAStar2d::calculate( sX / sY, dX / dY ) - start or end points are blocked
PathAStar2d::calculate( sX / sY, dX / dY ) - start or end points are blocked
Enemy::isFrustrated(1969), timer is (1)
PathAStar2d::calculate( sX / sY, dX / dY ) - start or end points are blocked
PathAStar2d::calculate( sX / sY, dX / dY ) - start or end points are blocked
PathAStar2d::calculate( sX / sY, dX / dY ) - start or end points are blocked
PathAStar2d::calculate( sX / sY, dX / dY ) - start or end points are blocked
PathAStar2d::calculate( sX / sY, dX / dY ) - start or end points are blocked
PathAStar2d::calculate( sX / sY, dX / dY ) - start or end points are blocked
PathAStar2d::calculate( sX / sY, dX / dY ) - start or end points are blocked
PathAStar2d::calculate( sX / sY, dX / dY ) - start or end points are blocked
PathAStar2d::calculate( sX / sY, dX / dY ) - start or end points are blocked
PathAStar2d::calculate( sX / sY, dX / dY ) - start or end points are blocked
PathAStar2d::calculate( sX / sY, dX / dY ) - start or end points are blocked
PathAStar2d::calculate( sX / sY, dX / dY ) - start or end points are blocked
PathAStar2d::calculate( sX / sY, dX / dY ) - start or end points are blocked
PathAStar2d::calculate( sX / sY, dX / dY ) - start or end points are blocked
PathAStar2d::calculate( sX / sY, dX / dY ) - start or end points are blocked
PathAStar2d::calculate( sX / sY, dX / dY ) - start or end points are blocked
PathAStar2d::calculate( sX / sY, dX / dY ) - start or end points are blocked
PathAStar2d::calculate( sX / sY, dX / dY ) - start or end points are blocked
PathAStar2d::calculate( sX / sY, dX / dY ) - start or end points are blocked
PathAStar2d::calculate( sX / sY, dX / dY ) - start or end points are blocked
PathAStar2d::calculate( sX / sY, dX / dY ) - start or end points are blocked
PathAStar2d::calculate( sX / sY, dX / dY ) - start or end points are blocked
PathAStar2d::calculate( sX / sY, dX / dY ) - start or end points are blocked
PathAStar2d::calculate( sX / sY, dX / dY ) - start or end points are blocked
PathAStar2d::calculate( sX / sY, dX / dY ) - start or end points are blocked
PathAStar2d::calculate( sX / sY, dX / dY ) - start or end points are blocked
PathAStar2d::calculate( sX / sY, dX / dY ) - start or end points are blocked
PathAStar2d::calculate( sX / sY, dX / dY ) - start or end points are blocked
PathAStar2d::calculate( sX / sY, dX / dY ) - start or end points are blocked
PathAStar2d::calculate( sX / sY, dX / dY ) - start or end points are blocked
PathAStar2d::calculate( sX / sY, dX / dY ) - start or end points are blocked
PathAStar2d::calculate( sX / sY, dX / dY ) - start or end points are blocked
PathAStar2d::calculate( sX / sY, dX / dY ) - start or end points are blocked
PathAStar2d::calculate( sX / sY, dX / dY ) - start or end points are blocked
PathAStar2d::calculate( sX / sY, dX / dY ) - start or end points are blocked
PathAStar2d::calculate( sX / sY, dX / dY ) - start or end points are blocked
PathAStar2d::calculate( sX / sY, dX / dY ) - start or end points are blocked
PathAStar2d::calculate( sX / sY, dX / dY ) - start or end points are blocked
PathAStar2d::calculate( sX / sY, dX / dY ) - start or end points are blocked
PathAStar2d::calculate( sX / sY, dX / dY ) - start or end points are blocked
PathAStar2d::calculate( sX / sY, dX / dY ) - start or end points are blocked
PathAStar2d::calculate( sX / sY, dX / dY ) - start or end points are blocked
PathAStar2d::calculate( sX / sY, dX / dY ) - start or end points are blocked
PathAStar2d::calculate( sX / sY, dX / dY ) - start or end points are blocked
PathAStar2d::calculate( sX / sY, dX / dY ) - start or end points are blocked
PathAStar2d::calculate( sX / sY, dX / dY ) - start or end points are blocked
PathAStar2d::calculate( sX / sY, dX / dY ) - start or end points are blocked
PathAStar2d::calculate( sX / sY, dX / dY ) - start or end points are blocked
PathAStar2d::calculate( sX / sY, dX / dY ) - start or end points are blocked
PathAStar2d::calculate( sX / sY, dX / dY ) - start or end points are blocked
PathAStar2d::calculate( sX / sY, dX / dY ) - start or end points are blocked
PathAStar2d::calculate( sX / sY, dX / dY ) - start or end points are blocked
PathAStar2d::calculate( sX / sY, dX / dY ) - start or end points are blocked
PathAStar2d::calculate( sX / sY, dX / dY ) - start or end points are blocked
PathAStar2d::calculate( sX / sY, dX / dY ) - start or end points are blocked
PathAStar2d::calculate( sX / sY, dX / dY ) - start or end points are blocked
PathAStar2d::calculate( sX / sY, dX / dY ) - start or end points are blocked
PathAStar2d::calculate( sX / sY, dX / dY ) - start or end points are blocked
PathAStar2d::calculate( sX / sY, dX / dY ) - start or end points are blocked
PathAStar2d::calculate( sX / sY, dX / dY ) - start or end points are blocked
PathAStar2d::calculate( sX / sY, dX / dY ) - start or end points are blocked
PathAStar2d::calculate( sX / sY, dX / dY ) - start or end points are blocked
PathAStar2d::calculate( sX / sY, dX / dY ) - start or end points are blocked
PathAStar2d::calculate( sX / sY, dX / dY ) - start or end points are blocked
PathAStar2d::calculate( sX / sY, dX / dY ) - start or end points are blocked
PathAStar2d::calculate( sX / sY, dX / dY ) - start or end points are blocked
PathAStar2d::calculate( sX / sY, dX / dY ) - start or end points are blocked
PathAStar2d::calculate( sX / sY, dX / dY ) - start or end points are blocked
PathAStar2d::calculate( sX / sY, dX / dY ) - start or end points are blocked
PathAStar2d::calculate( sX / sY, dX / dY ) - start or end points are blocked
PathAStar2d::calculate( sX / sY, dX / dY ) - start or end points are blocked
PathAStar2d::calculate( sX / sY, dX / dY ) - start or end points are blocked
PathAStar2d::calculate( sX / sY, dX / dY ) - start or end points are blocked
PathAStar2d::calculate( sX / sY, dX / dY ) - start or end points are blocked
PathAStar2d::calculate( sX / sY, dX / dY ) - start or end points are blocked
PathAStar2d::calculate( sX / sY, dX / dY ) - start or end points are blocked
PathAStar2d::calculate( sX / sY, dX / dY ) - start or end points are blocked
PathAStar2d::calculate( sX / sY, dX / dY ) - start or end points are blocked
PathAStar2d::calculate( sX / sY, dX / dY ) - start or end points are blocked
PathAStar2d::calculate( sX / sY, dX / dY ) - start or end points are blocked
PathAStar2d::calculate( sX / sY, dX / dY ) - start or end points are blocked
PathAStar2d::calculate( sX / sY, dX / dY ) - start or end points are blocked
PathAStar2d::calculate( sX / sY, dX / dY ) - start or end points are blocked
PathAStar2d::calculate( sX / sY, dX / dY ) - start or end points are blocked
PathAStar2d::calculate( sX / sY, dX / dY ) - start or end points are blocked
PathAStar2d::calculate( sX / sY, dX / dY ) - start or end points are blocked
PathAStar2d::calculate( sX / sY, dX / dY ) - start or end points are blocked
PathAStar2d::calculate( sX / sY, dX / dY ) - start or end points are blocked
PathAStar2d::calculate( sX / sY, dX / dY ) - start or end points are blocked
PathAStar2d::calculate( sX / sY, dX / dY ) - start or end points are blocked
PathAStar2d::calculate( sX / sY, dX / dY ) - start or end points are blocked
PathAStar2d::calculate( sX / sY, dX / dY ) - start or end points are blocked
PathAStar2d::calculate( sX / sY, dX / dY ) - start or end points are blocked
PathAStar2d::calculate( sX / sY, dX / dY ) - start or end points are blocked
PathAStar2d::calculate( sX / sY, dX / dY ) - start or end points are blocked
PathAStar2d::calculate( sX / sY, dX / dY ) - start or end points are blocked
PathAStar2d::calculate( sX / sY, dX / dY ) - start or end points are blocked
PathAStar2d::calculate( sX / sY, dX / dY ) - start or end points are blocked
PathAStar2d::calculate( sX / sY, dX / dY ) - start or end points are blocked
PathAStar2d::calculate( sX / sY, dX / dY ) - start or end points are blocked
PathAStar2d::calculate( sX / sY, dX / dY ) - start or end points are blocked
PathAStar2d::calculate( sX / sY, dX / dY ) - start or end points are blocked
PathAStar2d::calculate( sX / sY, dX / dY ) - start or end points are blocked
PathAStar2d::calculate( sX / sY, dX / dY ) - start or end points are blocked
PathAStar2d::calculate( sX / sY, dX / dY ) - start or end points are blocked
PathAStar2d::calculate( sX / sY, dX / dY ) - start or end points are blocked
PathAStar2d::calculate( sX / sY, dX / dY ) - start or end points are blocked
PathAStar2d::calculate( sX / sY, dX / dY ) - start or end points are blocked
PathAStar2d::calculate( sX / sY, dX / dY ) - start or end points are blocked
PathAStar2d::calculate( sX / sY, dX / dY ) - start or end points are blocked
PathAStar2d::calculate( sX / sY, dX / dY ) - start or end points are blocked
PathAStar2d::calculate( sX / sY, dX / dY ) - start or end points are blocked
PathAStar2d::calculate( sX / sY, dX / dY ) - start or end points are blocked
PathAStar2d::calculate( sX / sY, dX / dY ) - start or end points are blocked
PathAStar2d::calculate( sX / sY, dX / dY ) - start or end points are blocked
PathAStar2d::calculate( sX / sY, dX / dY ) - start or end points are blocked
PathAStar2d::calculate( sX / sY, dX / dY ) - start or end points are blocked
PathAStar2d::calculate( sX / sY, dX / dY ) - start or end points are blocked
PathAStar2d::calculate( sX / sY, dX / dY ) - start or end points are blocked
PathAStar2d::calculate( sX / sY, dX / dY ) - start or end points are blocked
PathAStar2d::calculate( sX / sY, dX / dY ) - start or end points are blocked
PathAStar2d::calculate( sX / sY, dX / dY ) - start or end points are blocked
PathAStar2d::calculate( sX / sY, dX / dY ) - start or end points are blocked
PathAStar2d::calculate( sX / sY, dX / dY ) - start or end points are blocked
PathAStar2d::calculate( sX / sY, dX / dY ) - start or end points are blocked
PathAStar2d::calculate( sX / sY, dX / dY ) - start or end points are blocked
PathAStar2d::calculate( sX / sY, dX / dY ) - start or end points are blocked
PathAStar2d::calculate( sX / sY, dX / dY ) - start or end points are blocked
PathAStar2d::calculate( sX / sY, dX / dY ) - start or end points are blocked
PathAStar2d::calculate( sX / sY, dX / dY ) - start or end points are blocked
PathAStar2d::calculate( sX / sY, dX / dY ) - start or end points are blocked
PathAStar2d::calculate( sX / sY, dX / dY ) - start or end points are blocked
PathAStar2d::calculate( sX / sY, dX / dY ) - start or end points are blocked
PathAStar2d::calculate( sX / sY, dX / dY ) - start or end points are blocked
PathAStar2d::calculate( sX / sY, dX / dY ) - start or end points are blocked
PathAStar2d::calculate( sX / sY, dX / dY ) - start or end points are blocked
PathAStar2d::calculate( sX / sY, dX / dY ) - start or end points are blocked
PathAStar2d::calculate( sX / sY, dX / dY ) - start or end points are blocked
PathAStar2d::calculate( sX / sY, dX / dY ) - start or end points are blocked
PathAStar2d::calculate( sX / sY, dX / dY ) - start or end points are blocked
PathAStar2d::calculate( sX / sY, dX / dY ) - start or end points are blocked
PathAStar2d::calculate( sX / sY, dX / dY ) - start or end points are blocked
PathAStar2d::calculate( sX / sY, dX / dY ) - start or end points are blocked
PathAStar2d::calculate( sX / sY, dX / dY ) - start or end points are blocked
PathAStar2d::calculate( sX / sY, dX / dY ) - start or end points are blocked
PathAStar2d::calculate( sX / sY, dX / dY ) - start or end points are blocked
PathAStar2d::calculate( sX / sY, dX / dY ) - start or end points are blocked
PathAStar2d::calculate( sX / sY, dX / dY ) - start or end points are blocked
PathAStar2d::calculate( sX / sY, dX / dY ) - start or end points are blocked
PathAStar2d::calculate( sX / sY, dX / dY ) - start or end points are blocked
PathAStar2d::calculate( sX / sY, dX / dY ) - start or end points are blocked
PathAStar2d::calculate( sX / sY, dX / dY ) - start or end points are blocked
PathAStar2d::calculate( sX / sY, dX / dY ) - start or end points are blocked
PathAStar2d::calculate( sX / sY, dX / dY ) - start or end points are blocked
PathAStar2d::calculate( sX / sY, dX / dY ) - start or end points are blocked
PathAStar2d::calculate( sX / sY, dX / dY ) - start or end points are blocked
PathAStar2d::calculate( sX / sY, dX / dY ) - start or end points are blocked
PathAStar2d::calculate( sX / sY, dX / dY ) - start or end points are blocked
PathAStar2d::calculate( sX / sY, dX / dY ) - start or end points are blocked
PathAStar2d::calculate( sX / sY, dX / dY ) - start or end points are blocked
PathAStar2d::calculate( sX / sY, dX / dY ) - start or end points are blocked
PathAStar2d::calculate( sX / sY, dX / dY ) - start or end points are blocked
PathAStar2d::calculate( sX / sY, dX / dY ) - start or end points are blocked
PathAStar2d::calculate( sX / sY, dX / dY ) - start or end points are blocked
PathAStar2d::calculate( sX / sY, dX / dY ) - start or end points are blocked
PathAStar2d::calculate( sX / sY, dX / dY ) - start or end points are blocked
PathAStar2d::calculate( sX / sY, dX / dY ) - start or end points are blocked
PathAStar2d::calculate( sX / sY, dX / dY ) - start or end points are blocked
PathAStar2d::calculate( sX / sY, dX / dY ) - start or end points are blocked
PathAStar2d::calculate( sX / sY, dX / dY ) - start or end points are blocked
PathAStar2d::calculate( sX / sY, dX / dY ) - start or end points are blocked
PathAStar2d::calculate( sX / sY, dX / dY ) - start or end points are blocked
PathAStar2d::calculate( sX / sY, dX / dY ) - start or end points are blocked
PathAStar2d::calculate( sX / sY, dX / dY ) - start or end points are blocked
PathAStar2d::calculate( sX / sY, dX / dY ) - start or end points are blocked
PathAStar2d::calculate( sX / sY, dX / dY ) - start or end points are blocked
PathAStar2d::calculate( sX / sY, dX / dY ) - start or end points are blocked
PathAStar2d::calculate( sX / sY, dX / dY ) - start or end points are blocked
PathAStar2d::calculate( sX / sY, dX / dY ) - start or end points are blocked
PathAStar2d::calculate( sX / sY, dX / dY ) - start or end points are blocked
PathAStar2d::calculate( sX / sY, dX / dY ) - start or end points are blocked
PathAStar2d::calculate( sX / sY, dX / dY ) - start or end points are blocked
PathAStar2d::calculate( sX / sY, dX / dY ) - start or end points are blocked
PathAStar2d::calculate( sX / sY, dX / dY ) - start or end points are blocked
PathAStar2d::calculate( sX / sY, dX / dY ) - start or end points are blocked
PathAStar2d::calculate( sX / sY, dX / dY ) - start or end points are blocked
PathAStar2d::calculate( sX / sY, dX / dY ) - start or end points are blocked
Enemy::isFrustrated(2557), timer is (1)
DirectInput deactivated.
Shutting down the OpenGL display device...
Making the GL rendering context not current...
Deleting the GL rendering context...
Releasing the device context...
